2019-07-23 16:38:28 INFO  Log:12 - Test is Starting...
2019-07-23 16:38:28 INFO  Log:22 - testing first step
2019-07-23 16:38:28 WARN  Log:27 - warning on second step
2019-07-23 16:38:28 INFO  Log:17 - Test is Ending...
2019-07-23 17:09:32 INFO  Log:12 - Test is Starting...
2019-07-23 17:09:32 INFO  Log:17 - Test is Ending...
2019-07-23 17:11:27 INFO  Log:12 - Test is Starting...
2019-07-23 17:11:46 INFO  Log:12 - Test is Starting...
2019-07-23 17:11:59 ERROR Log:32 - Error detected
2019-07-23 17:11:59 INFO  Log:17 - Test is Ending...
2019-07-23 17:14:57 INFO  Log:12 - Test is Starting...
2019-07-23 17:15:04 INFO  Log:17 - Test is Ending...
2019-07-23 17:15:27 INFO  Log:12 - Test is Starting...
2019-07-23 17:15:27 INFO  Log:17 - Test is Ending...
2019-07-23 17:15:41 INFO  Log:12 - Test is Starting...
2019-07-23 17:15:41 INFO  Log:17 - Test is Ending...
2019-07-23 17:17:26 INFO  Log:12 - Test is Starting...
2019-07-23 17:17:30 ERROR Log:32 - Error detected
2019-07-23 17:17:30 INFO  Log:17 - Test is Ending...
2019-07-23 17:18:14 INFO  Log:12 - Test is Starting...
2019-07-23 17:18:18 ERROR Log:32 - Error detected
2019-07-23 17:18:18 INFO  Log:17 - Test is Ending...
2019-07-23 17:21:49 INFO  Log:12 - Test is Starting...
2019-07-23 17:21:49 INFO  Log:17 - Test is Ending...
2019-07-24 17:31:16 INFO  Log:12 - Test is Starting...
2019-07-24 17:31:16 INFO  Log:17 - Test is Ending...
2019-07-24 17:34:48 INFO  Log:12 - Test is Starting...
2019-07-24 17:34:48 INFO  Log:17 - Test is Ending...
2019-07-24 17:35:22 INFO  Log:12 - Test is Starting...
2019-07-24 17:35:22 INFO  Log:17 - Test is Ending...
2019-07-24 17:35:38 INFO  Log:12 - Test is Starting...
2019-07-24 17:35:38 INFO  Log:17 - Test is Ending...
2019-07-24 17:36:12 INFO  Log:12 - Test is Starting...
2019-07-24 17:36:12 INFO  Log:17 - Test is Ending...
2019-07-24 17:39:30 INFO  Log:12 - Test is Starting...
2019-07-24 17:39:30 INFO  Log:17 - Test is Ending...
2019-08-08 15:54:49 INFO  Log:12 - Test is Starting...
2019-08-08 15:54:49 INFO  Log:17 - Test is Ending...
2020-02-03 16:15:05 INFO  Log:12 - Test is Starting...
2020-02-03 16:15:24 ERROR Log:32 - Error detected
2020-02-03 16:15:24 INFO  Log:17 - Test is Ending...
2020-02-03 16:19:15 INFO  Log:12 - Test is Starting...
2020-02-03 16:19:40 INFO  Log:17 - Test is Ending...
